components/vector-map.tsx(6,56): error TS2307: Cannot find module '@/lib/types' or its corresponding type declarations.
components/vector-map.tsx(7,52): error TS2307: Cannot find module '@/lib/utils/colors' or its corresponding type declarations.
components/vector-map.tsx(8,20): error TS2307: Cannot find module '@/lib/utils' or its corresponding type declarations.
